<?xml version="1.0" encoding="UTF-8"?>
<!-- Generated by org.testng.reporters.JUnitReportReporter -->
<testsuite hostname="santiago-VirtualBox" name="TestDriver.TestDriverRuns" tests="1" failures="0" timestamp="14 Dec 2017 20:03:19 GMT" time="18.380" errors="0">
  <testcase name="testDriverIsRunning" time="18.380" classname="TestDriver.TestDriverRuns"/>
</testsuite>
